  [1m[35m (1.1ms)[0m  [1m[35mCREATE DATABASE "nonprofit_app_development" ENCODING = 'unicode'[0m
  ↳ bin/rails:9
  [1m[35m (0.6ms)[0m  [1m[35mCREATE DATABASE "nonprofit_app_test" ENCODING = 'unicode'[0m
  ↳ bin/rails:9
Started GET "/" for 127.0.0.1 at 2018-12-17 09:40:17 -0800
  [1m[35m (1.1ms)[0m  [1m[34mSELECT "schema_migrations"."version" FROM "schema_migrations" ORDER BY "schema_migrations"."version" ASC[0m
  ↳ /usr/local/lib/ruby/gems/2.5.0/gems/activerecord-5.2.2/lib/active_record/log_subscriber.rb:98
Processing by TypesController#index as HTML
  Rendering types/index.html.erb within layouts/application
  [1m[36mType Load (0.6ms)[0m  [1m[34mSELECT "types".* FROM "types"[0m
  ↳ app/views/types/index.html.erb:8
  Rendered types/index.html.erb within layouts/application (692.1ms)
  [1m[36mOrder Load (0.4ms)[0m  [1m[34mSELECT  "orders".* FROM "orders" WHERE "orders"."id" = $1 LIMIT $2[0m  [["id", 1], ["LIMIT", 1]]
  ↳ app/controllers/application_controller.rb:7
  [1m[36mOrderItem Load (0.3ms)[0m  [1m[34mSELECT "order_items".* FROM "order_items" WHERE "order_items"."order_id" = $1[0m  [["order_id", 1]]
  ↳ app/views/layouts/application.html.erb:30
Completed 200 OK in 810ms (Views: 784.4ms | ActiveRecord: 9.9ms)


Started GET "/cart" for 127.0.0.1 at 2018-12-17 09:40:21 -0800
Processing by CartsController#show as HTML
  [1m[36mOrder Load (0.4ms)[0m  [1m[34mSELECT  "orders".* FROM "orders" WHERE "orders"."id" = $1 LIMIT $2[0m  [["id", 1], ["LIMIT", 1]]
  ↳ app/controllers/application_controller.rb:7
  Rendering carts/show.html.erb within layouts/application
  [1m[36mOrderItem Exists (0.4ms)[0m  [1m[34mSELECT  1 AS one FROM "order_items" WHERE "order_items"."order_id" = $1 LIMIT $2[0m  [["order_id", 1], ["LIMIT", 1]]
  ↳ app/views/carts/show.html.erb:2
  [1m[36mCACHE Order Load (0.0ms)[0m  [1m[34mSELECT  "orders".* FROM "orders" WHERE "orders"."id" = $1 LIMIT $2[0m  [["id", 1], ["LIMIT", 1]]
  ↳ app/controllers/application_controller.rb:7
  [1m[36mOrderItem Load (0.4ms)[0m  [1m[34mSELECT "order_items".* FROM "order_items" WHERE "order_items"."order_id" = $1[0m  [["order_id", 1]]
  ↳ app/models/order.rb:7
  [1m[36mCACHE Order Load (0.0ms)[0m  [1m[34mSELECT  "orders".* FROM "orders" WHERE "orders"."id" = $1 LIMIT $2[0m  [["id", 1], ["LIMIT", 1]]
  ↳ app/controllers/application_controller.rb:7
  [1m[36mCACHE OrderItem Load (0.0ms)[0m  [1m[34mSELECT "order_items".* FROM "order_items" WHERE "order_items"."order_id" = $1[0m  [["order_id", 1]]
  ↳ app/models/order.rb:11
  Rendered carts/show.html.erb within layouts/application (923.0ms)
  [1m[36mCACHE Order Load (0.0ms)[0m  [1m[34mSELECT  "orders".* FROM "orders" WHERE "orders"."id" = $1 LIMIT $2[0m  [["id", 1], ["LIMIT", 1]]
  ↳ app/controllers/application_controller.rb:7
  [1m[36mCACHE OrderItem Load (0.0ms)[0m  [1m[34mSELECT "order_items".* FROM "order_items" WHERE "order_items"."order_id" = $1[0m  [["order_id", 1]]
  ↳ app/views/layouts/application.html.erb:30
Completed 200 OK in 953ms (Views: 947.3ms | ActiveRecord: 1.2ms)


Started GET "/" for 127.0.0.1 at 2018-12-17 09:40:24 -0800
Processing by TypesController#index as HTML
  Rendering types/index.html.erb within layouts/application
  [1m[36mType Load (0.4ms)[0m  [1m[34mSELECT "types".* FROM "types"[0m
  ↳ app/views/types/index.html.erb:8
  Rendered types/index.html.erb within layouts/application (7.4ms)
  [1m[36mOrder Load (0.3ms)[0m  [1m[34mSELECT  "orders".* FROM "orders" WHERE "orders"."id" = $1 LIMIT $2[0m  [["id", 1], ["LIMIT", 1]]
  ↳ app/controllers/application_controller.rb:7
  [1m[36mOrderItem Load (0.2ms)[0m  [1m[34mSELECT "order_items".* FROM "order_items" WHERE "order_items"."order_id" = $1[0m  [["order_id", 1]]
  ↳ app/views/layouts/application.html.erb:30
Completed 200 OK in 44ms (Views: 40.9ms | ActiveRecord: 0.9ms)


Started GET "/types/5" for 127.0.0.1 at 2018-12-17 09:40:26 -0800
Processing by TypesController#show as HTML
  Parameters: {"id"=>"5"}
  [1m[36mType Load (0.2ms)[0m  [1m[34mSELECT  "types".* FROM "types" WHERE "types"."id" = $1 LIMIT $2[0m  [["id", 5], ["LIMIT", 1]]
  ↳ app/controllers/types_controller.rb:7
  [1m[36mOrder Load (0.3ms)[0m  [1m[34mSELECT  "orders".* FROM "orders" WHERE "orders"."id" = $1 LIMIT $2[0m  [["id", 1], ["LIMIT", 1]]
  ↳ app/controllers/application_controller.rb:7
  Rendering types/show.html.erb within layouts/application
  [1m[36mNonprofit Exists (0.3ms)[0m  [1m[34mSELECT  1 AS one FROM "nonprofits" WHERE "nonprofits"."type_id" = $1 LIMIT $2[0m  [["type_id", 5], ["LIMIT", 1]]
  ↳ app/views/types/show.html.erb:5
  [1m[36mNonprofit Load (0.2ms)[0m  [1m[34mSELECT "nonprofits".* FROM "nonprofits" WHERE "nonprofits"."type_id" = $1[0m  [["type_id", 5]]
  ↳ app/views/types/show.html.erb:6
  Rendered types/show.html.erb within layouts/application (18.9ms)
  [1m[36mCACHE Order Load (0.0ms)[0m  [1m[34mSELECT  "orders".* FROM "orders" WHERE "orders"."id" = $1 LIMIT $2[0m  [["id", 1], ["LIMIT", 1]]
  ↳ app/controllers/application_controller.rb:7
  [1m[36mOrderItem Load (0.3ms)[0m  [1m[34mSELECT "order_items".* FROM "order_items" WHERE "order_items"."order_id" = $1[0m  [["order_id", 1]]
  ↳ app/views/layouts/application.html.erb:30
Completed 200 OK in 59ms (Views: 39.1ms | ActiveRecord: 5.9ms)


Started GET "/types/5/nonprofits/13" for 127.0.0.1 at 2018-12-17 09:40:27 -0800
Processing by NonprofitsController#show as HTML
  Parameters: {"type_id"=>"5", "id"=>"13"}
  [1m[36mNonprofit Load (0.3ms)[0m  [1m[34mSELECT  "nonprofits".* FROM "nonprofits" WHERE "nonprofits"."id" = $1 LIMIT $2[0m  [["id", 13], ["LIMIT", 1]]
  ↳ app/controllers/nonprofits_controller.rb:7
  [1m[36mOrder Load (0.2ms)[0m  [1m[34mSELECT  "orders".* FROM "orders" WHERE "orders"."id" = $1 LIMIT $2[0m  [["id", 1], ["LIMIT", 1]]
  ↳ app/controllers/application_controller.rb:7
  Rendering nonprofits/show.html.erb within layouts/application
  Rendered nonprofits/show.html.erb within layouts/application (14.9ms)
  [1m[36mCACHE Order Load (0.0ms)[0m  [1m[34mSELECT  "orders".* FROM "orders" WHERE "orders"."id" = $1 LIMIT $2[0m  [["id", 1], ["LIMIT", 1]]
  ↳ app/controllers/application_controller.rb:7
  [1m[36mOrderItem Load (0.3ms)[0m  [1m[34mSELECT "order_items".* FROM "order_items" WHERE "order_items"."order_id" = $1[0m  [["order_id", 1]]
  ↳ app/views/layouts/application.html.erb:30
Completed 200 OK in 45ms (Views: 39.6ms | ActiveRecord: 0.8ms)


Started POST "/order_items" for 127.0.0.1 at 2018-12-17 09:40:29 -0800
Processing by OrderItemsController#create as HTML
  Parameters: {"utf8"=>"✓", "authenticity_token"=>"JozfVi8vRazn6buTSHKRELaXbM3kCdsIDC70ExKGZY/RrosJZ563816cXk5y6ujyP8ObbbNhFyY/I2qZAtnZyA==", "order_item"=>{"nonprofit_id"=>"13", "amount"=>"24"}, "commit"=>"Add to cart"}
  [1m[36mOrder Load (4.1ms)[0m  [1m[34mSELECT  "orders".* FROM "orders" WHERE "orders"."id" = $1 LIMIT $2[0m  [["id", 1], ["LIMIT", 1]]
  ↳ app/controllers/application_controller.rb:7
  [1m[35m (0.1ms)[0m  [1m[35mBEGIN[0m
  ↳ app/controllers/order_items_controller.rb:6
  [1m[36mNonprofit Load (0.3ms)[0m  [1m[34mSELECT  "nonprofits".* FROM "nonprofits" WHERE "nonprofits"."id" = $1 LIMIT $2[0m  [["id", 13], ["LIMIT", 1]]
  ↳ app/controllers/order_items_controller.rb:6
  [1m[36mOrderItem Load (0.2ms)[0m  [1m[34mSELECT "order_items".* FROM "order_items" WHERE "order_items"."order_id" = $1[0m  [["order_id", 1]]
  ↳ app/models/order.rb:7
  [1m[36mOrder Update (0.4ms)[0m  [1m[33mUPDATE "orders" SET "total" = $1, "updated_at" = $2 WHERE "orders"."id" = $3[0m  [["total", 24], ["updated_at", "2018-12-17 17:40:29.606930"], ["id", 1]]
  ↳ app/controllers/order_items_controller.rb:6
  [1m[36mOrderItem Create (0.7ms)[0m  [1m[32mINSERT INTO "order_items" ("order_id", "amount", "created_at", "updated_at", "nonprofit_id") VALUES ($1, $2, $3, $4, $5) RETURNING "id"[0m  [["order_id", 1], ["amount", 24], ["created_at", "2018-12-17 17:40:29.608844"], ["updated_at", "2018-12-17 17:40:29.608844"], ["nonprofit_id", 13]]
  ↳ app/controllers/order_items_controller.rb:6
  [1m[35m (39.9ms)[0m  [1m[35mCOMMIT[0m
  ↳ app/controllers/order_items_controller.rb:6
Redirected to http://localhost:3000/cart
Completed 302 Found in 56ms (ActiveRecord: 45.7ms)


Started GET "/cart" for 127.0.0.1 at 2018-12-17 09:40:29 -0800
Processing by CartsController#show as HTML
  [1m[36mOrder Load (0.2ms)[0m  [1m[34mSELECT  "orders".* FROM "orders" WHERE "orders"."id" = $1 LIMIT $2[0m  [["id", 1], ["LIMIT", 1]]
  ↳ app/controllers/application_controller.rb:7
  Rendering carts/show.html.erb within layouts/application
  [1m[36mOrderItem Exists (0.3ms)[0m  [1m[34mSELECT  1 AS one FROM "order_items" WHERE "order_items"."order_id" = $1 LIMIT $2[0m  [["order_id", 1], ["LIMIT", 1]]
  ↳ app/views/carts/show.html.erb:2
  [1m[36mOrderItem Load (0.2ms)[0m  [1m[34mSELECT "order_items".* FROM "order_items" WHERE "order_items"."order_id" = $1[0m  [["order_id", 1]]
  ↳ app/views/carts/show.html.erb:3
  [1m[36mNonprofit Load (0.2ms)[0m  [1m[34mSELECT  "nonprofits".* FROM "nonprofits" WHERE "nonprofits"."id" = $1 LIMIT $2[0m  [["id", 13], ["LIMIT", 1]]
  ↳ app/views/carts/show.html.erb:6
  [1m[36mCACHE Order Load (0.0ms)[0m  [1m[34mSELECT  "orders".* FROM "orders" WHERE "orders"."id" = $1 LIMIT $2[0m  [["id", 1], ["LIMIT", 1]]
  ↳ app/controllers/application_controller.rb:7
  [1m[36mCACHE OrderItem Load (0.0ms)[0m  [1m[34mSELECT "order_items".* FROM "order_items" WHERE "order_items"."order_id" = $1[0m  [["order_id", 1]]
  ↳ app/models/order.rb:7
  [1m[36mCACHE Order Load (0.0ms)[0m  [1m[34mSELECT  "orders".* FROM "orders" WHERE "orders"."id" = $1 LIMIT $2[0m  [["id", 1], ["LIMIT", 1]]
  ↳ app/controllers/application_controller.rb:7
  [1m[36mCACHE OrderItem Load (0.0ms)[0m  [1m[34mSELECT "order_items".* FROM "order_items" WHERE "order_items"."order_id" = $1[0m  [["order_id", 1]]
  ↳ app/models/order.rb:7
  [1m[36mCACHE Order Load (0.0ms)[0m  [1m[34mSELECT  "orders".* FROM "orders" WHERE "orders"."id" = $1 LIMIT $2[0m  [["id", 1], ["LIMIT", 1]]
  ↳ app/controllers/application_controller.rb:7
  [1m[36mCACHE OrderItem Load (0.0ms)[0m  [1m[34mSELECT "order_items".* FROM "order_items" WHERE "order_items"."order_id" = $1[0m  [["order_id", 1]]
  ↳ app/models/order.rb:11
  Rendered carts/show.html.erb within layouts/application (7.8ms)
  [1m[36mCACHE Order Load (0.0ms)[0m  [1m[34mSELECT  "orders".* FROM "orders" WHERE "orders"."id" = $1 LIMIT $2[0m  [["id", 1], ["LIMIT", 1]]
  ↳ app/controllers/application_controller.rb:7
  [1m[36mCACHE OrderItem Load (0.0ms)[0m  [1m[34mSELECT "order_items".* FROM "order_items" WHERE "order_items"."order_id" = $1[0m  [["order_id", 1]]
  ↳ app/views/layouts/application.html.erb:30
Completed 200 OK in 37ms (Views: 32.5ms | ActiveRecord: 1.1ms)


